nohup: ignoring input

  .   ____          _            __ _ _
 /\\ / ___'_ __ _ _(_)_ __  __ _ \ \ \ \
( ( )\___ | '_ | '_| | '_ \/ _` | \ \ \ \
 \\/  ___)| |_)| | | | | || (_| |  ) ) ) )
  '  |____| .__|_| |_|_| |_\__, | / / / /
 =========|_|==============|___/=/_/_/_/

 :: Spring Boot ::                (v3.4.4)

2025-05-29T03:38:30.779Z  INFO 22400 --- [cine] [           main] com.eviden.cine.CineApplication          : Starting CineApplication v0.0.1-SNAPSHOT using Java 21.0.3 with PID 22400 (/var/www/Cine-Back/target/cine-0.0.1-SNAPSHOT.jar started by root in /var/www/Cine-Back)
2025-05-29T03:38:30.784Z  INFO 22400 --- [cine] [           main] com.eviden.cine.CineApplication          : No active profile set, falling back to 1 default profile: "default"
2025-05-29T03:38:33.182Z  INFO 22400 --- [cine] [           main] .s.d.r.c.RepositoryConfigurationDelegate : Bootstrapping Spring Data JPA repositories in DEFAULT mode.
2025-05-29T03:38:33.382Z  INFO 22400 --- [cine] [           main] .s.d.r.c.RepositoryConfigurationDelegate : Finished Spring Data repository scanning in 182 ms. Found 19 JPA repository interfaces.
2025-05-29T03:38:34.862Z  INFO 22400 --- [cine] [           main] o.s.b.w.embedded.tomcat.TomcatWebServer  : Tomcat initialized with port 8080 (http)
2025-05-29T03:38:34.887Z  INFO 22400 --- [cine] [           main] o.apache.catalina.core.StandardService   : Starting service [Tomcat]
2025-05-29T03:38:34.888Z  INFO 22400 --- [cine] [           main] o.apache.catalina.core.StandardEngine    : Starting Servlet engine: [Apache Tomcat/10.1.39]
2025-05-29T03:38:34.954Z  INFO 22400 --- [cine] [           main] o.a.c.c.C.[Tomcat].[localhost].[/]       : Initializing Spring embedded WebApplicationContext
2025-05-29T03:38:34.956Z  INFO 22400 --- [cine] [           main] w.s.c.ServletWebServerApplicationContext : Root WebApplicationContext: initialization completed in 4030 ms
2025-05-29T03:38:35.318Z  INFO 22400 --- [cine] [           main] o.hibernate.jpa.internal.util.LogHelper  : HHH000204: Processing PersistenceUnitInfo [name: default]
2025-05-29T03:38:35.445Z  INFO 22400 --- [cine] [           main] org.hibernate.Version                    : HHH000412: Hibernate ORM core version 6.6.11.Final
2025-05-29T03:38:35.512Z  INFO 22400 --- [cine] [           main] o.h.c.internal.RegionFactoryInitiator    : HHH000026: Second-level cache disabled
2025-05-29T03:38:36.060Z  INFO 22400 --- [cine] [           main] o.s.o.j.p.SpringPersistenceUnitInfo      : No LoadTimeWeaver setup: ignoring JPA class transformer
2025-05-29T03:38:36.108Z  INFO 22400 --- [cine] [           main] com.zaxxer.hikari.HikariDataSource       : HikariPool-1 - Starting...
2025-05-29T03:38:36.424Z  INFO 22400 --- [cine] [           main] com.zaxxer.hikari.pool.HikariPool        : HikariPool-1 - Added connection com.mysql.cj.jdbc.ConnectionImpl@1c31de5d
2025-05-29T03:38:36.427Z  INFO 22400 --- [cine] [           main] com.zaxxer.hikari.HikariDataSource       : HikariPool-1 - Start completed.
2025-05-29T03:38:36.502Z  WARN 22400 --- [cine] [           main] org.hibernate.orm.deprecation            : HHH90000025: MySQLDialect does not need to be specified explicitly using 'hibernate.dialect' (remove the property setting and it will be selected by default)
2025-05-29T03:38:36.529Z  INFO 22400 --- [cine] [           main] org.hibernate.orm.connections.pooling    : HHH10001005: Database info:
	Database JDBC URL [Connecting through datasource 'HikariDataSource (HikariPool-1)']
	Database driver: undefined/unknown
	Database version: 8.0.42
	Autocommit mode: undefined/unknown
	Isolation level: undefined/unknown
	Minimum pool size: undefined/unknown
	Maximum pool size: undefined/unknown
2025-05-29T03:38:39.177Z  INFO 22400 --- [cine] [           main] o.h.e.t.j.p.i.JtaPlatformInitiator       : HHH000489: No JTA platform available (set 'hibernate.transaction.jta.platform' to enable JTA platform integration)
2025-05-29T03:38:39.571Z  INFO 22400 --- [cine] [           main] j.LocalContainerEntityManagerFactoryBean : Initialized JPA EntityManagerFactory for persistence unit 'default'
2025-05-29T03:38:40.465Z  INFO 22400 --- [cine] [           main] o.s.d.j.r.query.QueryEnhancerFactory     : Hibernate is in classpath; If applicable, HQL parser will be used.
2025-05-29T03:38:43.917Z  WARN 22400 --- [cine] [           main] JpaBaseConfiguration$JpaWebConfiguration : spring.jpa.open-in-view is enabled by default. Therefore, database queries may be performed during view rendering. Explicitly configure spring.jpa.open-in-view to disable this warning
2025-05-29T03:38:43.961Z  INFO 22400 --- [cine] [           main] r$InitializeUserDetailsManagerConfigurer : Global AuthenticationManager configured with UserDetailsService bean with name userDetailsServiceImpl
Creating CustomOAuth2SuccessHandler bean
CustomOAuth2SuccessHandler initialized
2025-05-29T03:38:45.704Z  WARN 22400 --- [cine] [           main] ConfigServletWebServerApplicationContext : Exception encountered during context initialization - cancelling refresh attempt: org.springframework.context.ApplicationContextException: Failed to start bean 'webServerStartStop'
2025-05-29T03:38:45.716Z  INFO 22400 --- [cine] [           main] j.LocalContainerEntityManagerFactoryBean : Closing JPA EntityManagerFactory for persistence unit 'default'
2025-05-29T03:38:45.720Z  INFO 22400 --- [cine] [           main] com.zaxxer.hikari.HikariDataSource       : HikariPool-1 - Shutdown initiated...
2025-05-29T03:38:45.733Z  INFO 22400 --- [cine] [           main] com.zaxxer.hikari.HikariDataSource       : HikariPool-1 - Shutdown completed.
2025-05-29T03:38:45.759Z  INFO 22400 --- [cine] [           main] .s.b.a.l.ConditionEvaluationReportLogger : 

Error starting ApplicationContext. To display the condition evaluation report re-run your application with 'debug' enabled.
2025-05-29T03:38:45.795Z ERROR 22400 --- [cine] [           main] o.s.b.d.LoggingFailureAnalysisReporter   : 

***************************
APPLICATION FAILED TO START
***************************

Description:

Web server failed to start. Port 8080 was already in use.

Action:

Identify and stop the process that's listening on port 8080 or configure this application to listen on another port.

